<?xml version="1.0" encoding="UTF-8"?>
<coverage generated="1517989312750" clover="3.2.0">
  <project timestamp="1517989312750" name="All files">
    <metrics statements="28" coveredstatements="9" conditionals="4" coveredconditionals="0" methods="14" coveredmethods="0" elements="46" coveredelements="9" complexity="0" loc="28" ncloc="28" packages="2" files="3" classes="3">
      <package name="components">
        <metrics statements="23" coveredstatements="7" conditionals="4" coveredconditionals="0" methods="12" coveredmethods="0"/>
        <file name="App.js" path="/Users/hyrglobal/Desktop/githubBuilder/app/components/App.js">
          <metrics statements="4" coveredstatements="3" conditionals="0" coveredconditionals="0" methods="1" coveredmethods="0"/>
          <line num="1" count="1" type="stmt"/>
          <line num="2" count="1" type="stmt"/>
          <line num="6" count="0" type="stmt"/>
          <line num="14" count="1" type="stmt"/>
        </file>
        <file name="popular.js" path="/Users/hyrglobal/Desktop/githubBuilder/app/components/popular.js">
          <metrics statements="19" coveredstatements="4" conditionals="4" coveredconditionals="0" methods="11" coveredmethods="0"/>
          <line num="1" count="1" type="stmt"/>
          <line num="2" count="1" type="stmt"/>
          <line num="3" count="1" type="stmt"/>
          <line num="7" count="0" type="stmt"/>
          <line num="8" count="0" type="stmt"/>
          <line num="11" count="0" type="stmt"/>
          <line num="23" count="0" type="stmt"/>
          <line num="26" count="0" type="stmt"/>
          <line num="51" count="0" type="stmt"/>
          <line num="52" count="0" type="stmt"/>
          <line num="56" count="0" type="stmt"/>
          <line num="60" count="0" type="stmt"/>
          <line num="63" count="0" type="stmt"/>
          <line num="64" count="0" type="stmt"/>
          <line num="69" count="0" type="stmt"/>
          <line num="71" count="0" type="stmt"/>
          <line num="72" count="0" type="stmt"/>
          <line num="80" count="0" type="stmt"/>
          <line num="91" count="1" type="stmt"/>
        </file>
      </package>
      <package name="utils">
        <metrics statements="5" coveredstatements="2" conditionals="0" coveredconditionals="0" methods="2" coveredmethods="0"/>
        <file name="Api.js" path="/Users/hyrglobal/Desktop/githubBuilder/app/utils/Api.js">
          <metrics statements="5" coveredstatements="2" conditionals="0" coveredconditionals="0" methods="2" coveredmethods="0"/>
          <line num="1" count="1" type="stmt"/>
          <line num="3" count="1" type="stmt"/>
          <line num="5" count="0" type="stmt"/>
          <line num="6" count="0" type="stmt"/>
          <line num="8" count="0" type="stmt"/>
        </file>
      </package>
    </metrics>
  </project>
</coverage>
