{"/Users/hyrglobal/Desktop/githubBuilder/app/components/App.js": {"path":"/Users/hyrglobal/Desktop/githubBuilder/app/components/App.js","statementMap":{"0":{"start":{"line":1,"column":12},"end":{"line":1,"column":28}},"1":{"start":{"line":2,"column":14},"end":{"line":2,"column":34}},"2":{"start":{"line":6,"column":8},"end":{"line":10,"column":9}},"3":{"start":{"line":14,"column":0},"end":{"line":14,"column":21}}},"fnMap":{"0":{"name":"(anonymous_0)","decl":{"start":{"line":5,"column":4},"end":{"line":5,"column":5}},"loc":{"start":{"line":5,"column":12},"end":{"line":11,"column":5}},"line":5}},"branchMap":{},"s":{"0":1,"1":1,"2":0,"3":1},"f":{"0":0},"b":{},"_coverageSchema":"332fd63041d2c1bcb487cc26dd0d5f7d97098a6c","hash":"0376bcefbfc4d27d161016fe9b5fd2bc42ae0620"}
,"/Users/hyrglobal/Desktop/githubBuilder/app/components/popular.js": {"path":"/Users/hyrglobal/Desktop/githubBuilder/app/components/popular.js","statementMap":{"0":{"start":{"line":1,"column":12},"end":{"line":1,"column":28}},"1":{"start":{"line":2,"column":16},"end":{"line":2,"column":37}},"2":{"start":{"line":3,"column":10},"end":{"line":3,"column":33}},"3":{"start":{"line":7,"column":24},"end":{"line":7,"column":78}},"4":{"start":{"line":8,"column":8},"end":{"line":18,"column":9}},"5":{"start":{"line":11,"column":20},"end":{"line":15,"column":21}},"6":{"start":{"line":23,"column":4},"end":{"line":47,"column":5}},"7":{"start":{"line":26,"column":16},"end":{"line":43,"column":17}},"8":{"start":{"line":51,"column":8},"end":{"line":51,"column":21}},"9":{"start":{"line":52,"column":8},"end":{"line":55,"column":9}},"10":{"start":{"line":56,"column":8},"end":{"line":56,"column":61}},"11":{"start":{"line":60,"column":8},"end":{"line":60,"column":56}},"12":{"start":{"line":63,"column":8},"end":{"line":68,"column":10}},"13":{"start":{"line":64,"column":12},"end":{"line":67,"column":13}},"14":{"start":{"line":69,"column":8},"end":{"line":76,"column":25}},"15":{"start":{"line":71,"column":16},"end":{"line":75,"column":18}},"16":{"start":{"line":72,"column":20},"end":{"line":74,"column":21}},"17":{"start":{"line":80,"column":8},"end":{"line":87,"column":9}},"18":{"start":{"line":91,"column":0},"end":{"line":91,"column":25}}},"fnMap":{"0":{"name":"(anonymous_0)","decl":{"start":{"line":6,"column":4},"end":{"line":6,"column":5}},"loc":{"start":{"line":6,"column":13},"end":{"line":19,"column":5}},"line":6},"1":{"name":"(anonymous_1)","decl":{"start":{"line":10,"column":31},"end":{"line":10,"column":32}},"loc":{"start":{"line":10,"column":47},"end":{"line":16,"column":17}},"line":10},"2":{"name":"RepoGrid","decl":{"start":{"line":22,"column":9},"end":{"line":22,"column":17}},"loc":{"start":{"line":22,"column":25},"end":{"line":48,"column":1}},"line":22},"3":{"name":"(anonymous_3)","decl":{"start":{"line":25,"column":29},"end":{"line":25,"column":30}},"loc":{"start":{"line":25,"column":50},"end":{"line":44,"column":13}},"line":25},"4":{"name":"(anonymous_4)","decl":{"start":{"line":50,"column":4},"end":{"line":50,"column":5}},"loc":{"start":{"line":50,"column":23},"end":{"line":57,"column":5}},"line":50},"5":{"name":"(anonymous_5)","decl":{"start":{"line":59,"column":4},"end":{"line":59,"column":5}},"loc":{"start":{"line":59,"column":24},"end":{"line":61,"column":5}},"line":59},"6":{"name":"(anonymous_6)","decl":{"start":{"line":62,"column":4},"end":{"line":62,"column":5}},"loc":{"start":{"line":62,"column":25},"end":{"line":77,"column":5}},"line":62},"7":{"name":"(anonymous_7)","decl":{"start":{"line":63,"column":22},"end":{"line":63,"column":23}},"loc":{"start":{"line":63,"column":34},"end":{"line":68,"column":9}},"line":63},"8":{"name":"(anonymous_8)","decl":{"start":{"line":70,"column":18},"end":{"line":70,"column":19}},"loc":{"start":{"line":70,"column":35},"end":{"line":76,"column":13}},"line":70},"9":{"name":"(anonymous_9)","decl":{"start":{"line":71,"column":30},"end":{"line":71,"column":31}},"loc":{"start":{"line":71,"column":42},"end":{"line":75,"column":17}},"line":71},"10":{"name":"(anonymous_10)","decl":{"start":{"line":78,"column":4},"end":{"line":78,"column":5}},"loc":{"start":{"line":78,"column":13},"end":{"line":88,"column":5}},"line":78}},"branchMap":{"0":{"loc":{"start":{"line":12,"column":35},"end":{"line":13,"column":55}},"type":"cond-expr","locations":[{"start":{"line":13,"column":28},"end":{"line":13,"column":48}},{"start":{"line":13,"column":51},"end":{"line":13,"column":55}}],"line":12},"1":{"loc":{"start":{"line":84,"column":21},"end":{"line":84,"column":100}},"type":"cond-expr","locations":[{"start":{"line":84,"column":41},"end":{"line":84,"column":60}},{"start":{"line":84,"column":63},"end":{"line":84,"column":100}}],"line":84}},"s":{"0":1,"1":1,"2":1,"3":0,"4":0,"5":0,"6":0,"7":0,"8":0,"9":0,"10":0,"11":0,"12":0,"13":0,"14":0,"15":0,"16":0,"17":0,"18":1},"f":{"0":0,"1":0,"2":0,"3":0,"4":0,"5":0,"6":0,"7":0,"8":0,"9":0,"10":0},"b":{"0":[0,0],"1":[0,0]},"_coverageSchema":"332fd63041d2c1bcb487cc26dd0d5f7d97098a6c","hash":"299ae5319e2d3785170adb0ea0bd6ac7fabaa61f"}
,"/Users/hyrglobal/Desktop/githubBuilder/app/utils/Api.js": {"path":"/Users/hyrglobal/Desktop/githubBuilder/app/utils/Api.js","statementMap":{"0":{"start":{"line":1,"column":12},"end":{"line":1,"column":28}},"1":{"start":{"line":3,"column":0},"end":{"line":11,"column":1}},"2":{"start":{"line":5,"column":25},"end":{"line":5,"column":164}},"3":{"start":{"line":6,"column":8},"end":{"line":9,"column":14}},"4":{"start":{"line":8,"column":16},"end":{"line":8,"column":43}}},"fnMap":{"0":{"name":"(anonymous_0)","decl":{"start":{"line":4,"column":23},"end":{"line":4,"column":24}},"loc":{"start":{"line":4,"column":43},"end":{"line":10,"column":5}},"line":4},"1":{"name":"(anonymous_1)","decl":{"start":{"line":7,"column":18},"end":{"line":7,"column":19}},"loc":{"start":{"line":7,"column":38},"end":{"line":9,"column":13}},"line":7}},"branchMap":{},"s":{"0":1,"1":1,"2":0,"3":0,"4":0},"f":{"0":0,"1":0},"b":{},"_coverageSchema":"332fd63041d2c1bcb487cc26dd0d5f7d97098a6c","hash":"144cd86bce7984324a98cdf84a25b44ec448c3eb"}
}
