TN:
SF:/Users/hyrglobal/Desktop/githubBuilder/app/components/App.js
FN:5,(anonymous_0)
FNF:1
FNH:0
FNDA:0,(anonymous_0)
DA:1,1
DA:2,1
DA:6,0
DA:14,1
LF:4
LH:3
BRF:0
BRH:0
end_of_record
TN:
SF:/Users/hyrglobal/Desktop/githubBuilder/app/components/popular.js
FN:6,(anonymous_0)
FN:10,(anonymous_1)
FN:22,RepoGrid
FN:25,(anonymous_3)
FN:50,(anonymous_4)
FN:59,(anonymous_5)
FN:62,(anonymous_6)
FN:63,(anonymous_7)
FN:70,(anonymous_8)
FN:71,(anonymous_9)
FN:78,(anonymous_10)
FNF:11
FNH:0
FNDA:0,(anonymous_0)
FNDA:0,(anonymous_1)
FNDA:0,RepoGrid
FNDA:0,(anonymous_3)
FNDA:0,(anonymous_4)
FNDA:0,(anonymous_5)
FNDA:0,(anonymous_6)
FNDA:0,(anonymous_7)
FNDA:0,(anonymous_8)
FNDA:0,(anonymous_9)
FNDA:0,(anonymous_10)
DA:1,1
DA:2,1
DA:3,1
DA:7,0
DA:8,0
DA:11,0
DA:23,0
DA:26,0
DA:51,0
DA:52,0
DA:56,0
DA:60,0
DA:63,0
DA:64,0
DA:69,0
DA:71,0
DA:72,0
DA:80,0
DA:91,1
LF:19
LH:4
BRDA:12,0,0,0
BRDA:12,0,1,0
BRDA:84,1,0,0
BRDA:84,1,1,0
BRF:4
BRH:0
end_of_record
TN:
SF:/Users/hyrglobal/Desktop/githubBuilder/app/utils/Api.js
FN:4,(anonymous_0)
FN:7,(anonymous_1)
FNF:2
FNH:0
FNDA:0,(anonymous_0)
FNDA:0,(anonymous_1)
DA:1,1
DA:3,1
DA:5,0
DA:6,0
DA:8,0
LF:5
LH:2
BRF:0
BRH:0
end_of_record
